<?xml version="1.0" encoding="UTF-8"?>
<testsuite xmlns:xsi="http://www.w3.org/2001/XMLSchema-instance" xsi:noNamespaceSchemaLocation="https://maven.apache.org/surefire/maven-surefire-plugin/xsd/surefire-test-report.xsd" name="g54018.stib.model.repository.StationsRepositoryTest" time="0.13" tests="5" errors="0" skipped="0" failures="0">
  <properties>
[...]
</properties>
  <testcase name="testGetExist" classname="g54018.stib.model.repository.StationsRepositoryTest" time="0.094"/>
  <testcase name="testGetNotExist" classname="g54018.stib.model.repository.StationsRepositoryTest" time="0.003"/>
  <testcase name="testGetThrowException" classname="g54018.stib.model.repository.StationsRepositoryTest" time="0"/>
  <testcase name="testContain" classname="g54018.stib.model.repository.StationsRepositoryTest" time="0"/>
  <testcase name="testGetAll" classname="g54018.stib.model.repository.StationsRepositoryTest" time="0.015"/>
</testsuite>